This is pdfTeX, Version 3.141592653-2.6-1.40.24 (MiKTeX 22.1) (preloaded format=pdflatex 2022.4.20)  30 APR 2022 08:17
entering extended mode
 restricted \write18 enabled.
 %&-line parsing enabled.
**./2022-04-29-riddler.tex
(2022-04-29-riddler.tex
LaTeX2e <2021-11-15> patch level 1
L3 programming layer <2022-04-10>
(/home/colin/.miktex/texmfs/install/tex/latex/base/article.cls
Document Class: article 2021/10/04 v1.4n Standard LaTeX document class
(/home/colin/.miktex/texmfs/install/tex/latex/base/size11.clo
File: size11.clo 2021/10/04 v1.4n Standard LaTeX file (size option)
)
\c@part=\count185
\c@section=\count186
\c@subsection=\count187
\c@subsubsection=\count188
\c@paragraph=\count189
\c@subparagraph=\count190
\c@figure=\count191
\c@table=\count192
\abovecaptionskip=\skip47
\belowcaptionskip=\skip48
\bibindent=\dimen138
)
(/home/colin/.miktex/texmfs/install/tex/latex/base/inputenc.sty
Package: inputenc 2021/02/14 v1.3d Input encoding file
\inpenc@prehook=\toks16
\inpenc@posthook=\toks17
)
(/home/colin/.miktex/texmfs/install/tex/latex/geometry/geometry.sty
Package: geometry 2020/01/02 v5.9 Page Geometry

(/home/colin/.miktex/texmfs/install/tex/latex/graphics/keyval.sty
Package: keyval 2014/10/28 v1.15 key=value parser (DPC)
\KV@toks@=\toks18
)
(/home/colin/.miktex/texmfs/install/tex/generic/iftex/ifvtex.sty
Package: ifvtex 2019/10/25 v1.7 ifvtex legacy package. Use iftex instead.

(/home/colin/.miktex/texmfs/install/tex/generic/iftex/iftex.sty
Package: iftex 2022/02/03 v1.0f TeX engine tests
))
\Gm@cnth=\count193
\Gm@cntv=\count194
\c@Gm@tempcnt=\count195
\Gm@bindingoffset=\dimen139
\Gm@wd@mp=\dimen140
\Gm@odd@mp=\dimen141
\Gm@even@mp=\dimen142
\Gm@layoutwidth=\dimen143
\Gm@layoutheight=\dimen144
\Gm@layouthoffset=\dimen145
\Gm@layoutvoffset=\dimen146
\Gm@dimlist=\toks19

(/home/colin/.miktex/texmfs/install/tex/latex/geometry/geometry.cfg))
(/home/colin/.miktex/texmfs/install/tex/latex/graphics/graphicx.sty
Package: graphicx 2021/09/16 v1.2d Enhanced LaTeX Graphics (DPC,SPQR)

(/home/colin/.miktex/texmfs/install/tex/latex/graphics/graphics.sty
Package: graphics 2021/03/04 v1.4d Standard LaTeX Graphics (DPC,SPQR)

(/home/colin/.miktex/texmfs/install/tex/latex/graphics/trig.sty
Package: trig 2021/08/11 v1.11 sin cos tan (DPC)
)
(/home/colin/.miktex/texmfs/install/tex/latex/graphics-cfg/graphics.cfg
File: graphics.cfg 2016/06/04 v1.11 sample graphics configuration
)
Package graphics Info: Driver file: pdftex.def on input line 107.

(/home/colin/.miktex/texmfs/install/tex/latex/graphics-def/pdftex.def
File: pdftex.def 2020/10/05 v1.2a Graphics/color driver for pdftex
))
\Gin@req@height=\dimen147
\Gin@req@width=\dimen148
)
(/home/colin/.miktex/texmfs/install/tex/latex/amsfonts/amsfonts.sty
Package: amsfonts 2013/01/14 v3.01 Basic AMSFonts support
\@emptytoks=\toks20
\symAMSa=\mathgroup4
\symAMSb=\mathgroup5
LaTeX Font Info:    Redeclaring math symbol \hbar on input line 98.
LaTeX Font Info:    Overwriting math alphabet `\mathfrak' in version `bold'
(Font)                  U/euf/m/n --> U/euf/b/n on input line 106.
)
(/home/colin/.miktex/texmfs/install/tex/latex/amsmath/amsmath.sty
Package: amsmath 2021/10/15 v2.17l AMS math features
\@mathmargin=\skip49

For additional information on amsmath, use the `?' option.
(/home/colin/.miktex/texmfs/install/tex/latex/amsmath/amstext.sty
Package: amstext 2021/08/26 v2.01 AMS text

(/home/colin/.miktex/texmfs/install/tex/latex/amsmath/amsgen.sty
File: amsgen.sty 1999/11/30 v2.0 generic functions
\@emptytoks=\toks21
\ex@=\dimen149
))
(/home/colin/.miktex/texmfs/install/tex/latex/amsmath/amsbsy.sty
Package: amsbsy 1999/11/29 v1.2d Bold Symbols
\pmbraise@=\dimen150
)
(/home/colin/.miktex/texmfs/install/tex/latex/amsmath/amsopn.sty
Package: amsopn 2021/08/26 v2.02 operator names
)
\inf@bad=\count196
LaTeX Info: Redefining \frac on input line 234.
\uproot@=\count197
\leftroot@=\count198
LaTeX Info: Redefining \overline on input line 399.
\classnum@=\count199
\DOTSCASE@=\count266
LaTeX Info: Redefining \ldots on input line 496.
LaTeX Info: Redefining \dots on input line 499.
LaTeX Info: Redefining \cdots on input line 620.
\Mathstrutbox@=\box50
\strutbox@=\box51
\big@size=\dimen151
LaTeX Font Info:    Redeclaring font encoding OML on input line 743.
LaTeX Font Info:    Redeclaring font encoding OMS on input line 744.
\macc@depth=\count267
\c@MaxMatrixCols=\count268
\dotsspace@=\muskip16
\c@parentequation=\count269
\dspbrk@lvl=\count270
\tag@help=\toks22
\row@=\count271
\column@=\count272
\maxfields@=\count273
\andhelp@=\toks23
\eqnshift@=\dimen152
\alignsep@=\dimen153
\tagshift@=\dimen154
\tagwidth@=\dimen155
\totwidth@=\dimen156
\lineht@=\dimen157
\@envbody=\toks24
\multlinegap=\skip50
\multlinetaggap=\skip51
\mathdisplay@stack=\toks25
LaTeX Info: Redefining \[ on input line 2938.
LaTeX Info: Redefining \] on input line 2939.
)
(/home/colin/.miktex/texmfs/install/tex/latex/booktabs/booktabs.sty
Package: booktabs 2020/01/12 v1.61803398 Publication quality tables
\heavyrulewidth=\dimen158
\lightrulewidth=\dimen159
\cmidrulewidth=\dimen160
\belowrulesep=\dimen161
\belowbottomsep=\dimen162
\aboverulesep=\dimen163
\abovetopsep=\dimen164
\cmidrulesep=\dimen165
\cmidrulekern=\dimen166
\defaultaddspace=\dimen167
\@cmidla=\count274
\@cmidlb=\count275
\@aboverulesep=\dimen168
\@belowrulesep=\dimen169
\@thisruleclass=\count276
\@lastruleclass=\count277
\@thisrulewidth=\dimen170
)
(/home/colin/.miktex/texmfs/install/tex/latex/tools/array.sty
Package: array 2021/10/04 v2.5f Tabular extension package (FMi)
\col@sep=\dimen171
\ar@mcellbox=\box52
\extrarowheight=\dimen172
\NC@list=\toks26
\extratabsurround=\skip52
\backup@length=\skip53
\ar@cellbox=\box53
)
(/home/colin/.miktex/texmfs/install/tex/latex/paralist/paralist.sty
Package: paralist 2017/01/22 v2.7 Extended list environments
\pltopsep=\skip54
\plpartopsep=\skip55
\plitemsep=\skip56
\plparsep=\skip57
\pl@lab=\toks27
)
(/home/colin/.miktex/texmfs/install/tex/latex/tools/verbatim.sty
Package: verbatim 2020-07-07 v1.5u LaTeX2e package for verbatim enhancements
\every@verbatim=\toks28
\verbatim@line=\toks29
\verbatim@in@stream=\read2
)
(/home/colin/.miktex/texmfs/install/tex/latex/subfig/subfig.sty
Package: subfig 2005/06/28 ver: 1.3 subfig package

(/home/colin/.miktex/texmfs/install/tex/latex/caption/caption.sty
Package: caption 2022/03/01 v3.6b Customizing captions (AR)

(/home/colin/.miktex/texmfs/install/tex/latex/caption/caption3.sty
Package: caption3 2022/03/17 v2.3b caption3 kernel (AR)
\caption@tempdima=\dimen173
\captionmargin=\dimen174
\caption@leftmargin=\dimen175
\caption@rightmargin=\dimen176
\caption@width=\dimen177
\caption@indent=\dimen178
\caption@parindent=\dimen179
\caption@hangindent=\dimen180
Package caption Info: Standard document class detected.
)
\c@caption@flags=\count278
\c@continuedfloat=\count279
)
\c@KVtest=\count280
\sf@farskip=\skip58
\sf@captopadj=\dimen181
\sf@capskip=\skip59
\sf@nearskip=\skip60
\c@subfigure=\count281
\c@subfigure@save=\count282
\c@lofdepth=\count283
\c@subtable=\count284
\c@subtable@save=\count285
\c@lotdepth=\count286
\sf@top=\skip61
\sf@bottom=\skip62
)
(/home/colin/.miktex/texmfs/install/tex/latex/fancyhdr/fancyhdr.sty
Package: fancyhdr 2021/01/28 v4.0.1 Extensive control of page headers and foote
rs
\f@nch@headwidth=\skip63
\f@nch@O@elh=\skip64
\f@nch@O@erh=\skip65
\f@nch@O@olh=\skip66
\f@nch@O@orh=\skip67
\f@nch@O@elf=\skip68
\f@nch@O@erf=\skip69
\f@nch@O@olf=\skip70
\f@nch@O@orf=\skip71
)
(/home/colin/.miktex/texmfs/install/tex/latex/sectsty/sectsty.sty
Package: sectsty 2002/02/25 v2.0.2 Commands to change all sectional heading sty
les


LaTeX Warning: Command \underbar  has changed.
               Check if current package is valid.


LaTeX Warning: Command \underline  has changed.
               Check if current package is valid.

) (/home/colin/.miktex/texmfs/install/tex/latex/tocbibind/tocbibind.sty
Package: tocbibind 2010/10/13 v1.5k extra ToC listings
Package tocbibind Info: The document has section divisions on input line 50.


Package tocbibind Note: Using section or other style headings.

) (/home/colin/.miktex/texmfs/install/tex/latex/tocloft/tocloft.sty
Package: tocloft 2017/08/31 v2.3i parameterised ToC, etc., typesetting
Package tocloft Info: The document has section divisions on input line 51.
\cftparskip=\skip72
\cftbeforetoctitleskip=\skip73
\cftaftertoctitleskip=\skip74
\cftbeforepartskip=\skip75
\cftpartnumwidth=\skip76
\cftpartindent=\skip77
\cftbeforesecskip=\skip78
\cftsecindent=\skip79
\cftsecnumwidth=\skip80
\cftbeforesubsecskip=\skip81
\cftsubsecindent=\skip82
\cftsubsecnumwidth=\skip83
\cftbeforesubsubsecskip=\skip84
\cftsubsubsecindent=\skip85
\cftsubsubsecnumwidth=\skip86
\cftbeforeparaskip=\skip87
\cftparaindent=\skip88
\cftparanumwidth=\skip89
\cftbeforesubparaskip=\skip90
\cftsubparaindent=\skip91
\cftsubparanumwidth=\skip92
\cftbeforeloftitleskip=\skip93
\cftafterloftitleskip=\skip94
\cftbeforefigskip=\skip95
\cftfigindent=\skip96
\cftfignumwidth=\skip97
\cftbeforelottitleskip=\skip98
\cftafterlottitleskip=\skip99
\cftbeforetabskip=\skip100
\cfttabindent=\skip101
\cfttabnumwidth=\skip102
\cftbeforesubfigskip=\skip103
\cftsubfigindent=\skip104
\cftsubfignumwidth=\skip105
\cftbeforesubtabskip=\skip106
\cftsubtabindent=\skip107
\cftsubtabnumwidth=\skip108
)
(/home/colin/.miktex/texmfs/install/tex/latex/l3backend/l3backend-pdftex.def
File: l3backend-pdftex.def 2022-04-14 L3 backend support: PDF output (pdfTeX)
\l__color_backend_stack_int=\count287
\l__pdf_internal_box=\box54
)
(2022-04-29-riddler.aux)
\openout1 = `2022-04-29-riddler.aux'.

LaTeX Font Info:    Checking defaults for OML/cmm/m/it on input line 63.
LaTeX Font Info:    ... okay on input line 63.
LaTeX Font Info:    Checking defaults for OMS/cmsy/m/n on input line 63.
LaTeX Font Info:    ... okay on input line 63.
LaTeX Font Info:    Checking defaults for OT1/cmr/m/n on input line 63.
LaTeX Font Info:    ... okay on input line 63.
LaTeX Font Info:    Checking defaults for T1/cmr/m/n on input line 63.
LaTeX Font Info:    ... okay on input line 63.
LaTeX Font Info:    Checking defaults for TS1/cmr/m/n on input line 63.
LaTeX Font Info:    ... okay on input line 63.
LaTeX Font Info:    Checking defaults for OMX/cmex/m/n on input line 63.
LaTeX Font Info:    ... okay on input line 63.
LaTeX Font Info:    Checking defaults for U/cmr/m/n on input line 63.
LaTeX Font Info:    ... okay on input line 63.

*geometry* driver: auto-detecting
*geometry* detected driver: pdftex
*geometry* verbose mode - [ preamble ] result:
* driver: pdftex
* paper: a4paper
* layout: <same size as paper>
* layoutoffset:(h,v)=(0.0pt,0.0pt)
* modes: 
* h-part:(L,W,R)=(89.62709pt, 418.25368pt, 89.6271pt)
* v-part:(T,H,B)=(101.40665pt, 591.5302pt, 152.11pt)
* \paperwidth=597.50787pt
* \paperheight=845.04684pt
* \textwidth=418.25368pt
* \textheight=591.5302pt
* \oddsidemargin=17.3571pt
* \evensidemargin=17.3571pt
* \topmargin=-7.86334pt
* \headheight=12.0pt
* \headsep=25.0pt
* \topskip=11.0pt
* \footskip=30.0pt
* \marginparwidth=59.0pt
* \marginparsep=10.0pt
* \columnsep=10.0pt
* \skip\footins=10.0pt plus 4.0pt minus 2.0pt
* \hoffset=0.0pt
* \voffset=0.0pt
* \mag=1000
* \@twocolumnfalse
* \@twosidefalse
* \@mparswitchfalse
* \@reversemarginfalse
* (1in=72.27pt=25.4mm, 1cm=28.453pt)

(/home/colin/.miktex/texmfs/install/tex/context/base/mkii/supp-pdf.mkii
[Loading MPS to PDF converter (version 2006.09.02).]
\scratchcounter=\count288
\scratchdimen=\dimen182
\scratchbox=\box55
\nofMPsegments=\count289
\nofMParguments=\count290
\everyMPshowfont=\toks30
\MPscratchCnt=\count291
\MPscratchDim=\dimen183
\MPnumerator=\count292
\makeMPintoPDFobject=\count293
\everyMPtoPDFconversion=\toks31
) (/home/colin/.miktex/texmfs/install/tex/latex/epstopdf-pkg/epstopdf-base.sty
Package: epstopdf-base 2020-01-24 v2.11 Base part for package epstopdf

(/home/colin/.miktex/texmfs/install/tex/generic/infwarerr/infwarerr.sty
Package: infwarerr 2019/12/03 v1.5 Providing info/warning/error messages (HO)
)
(/home/colin/.miktex/texmfs/install/tex/latex/grfext/grfext.sty
Package: grfext 2019/12/03 v1.3 Manage graphics extensions (HO)

(/home/colin/.miktex/texmfs/install/tex/generic/kvdefinekeys/kvdefinekeys.sty
Package: kvdefinekeys 2019-12-19 v1.6 Define keys (HO)
)) (/home/colin/.miktex/texmfs/install/tex/latex/kvoptions/kvoptions.sty
Package: kvoptions 2020-10-07 v3.14 Key value format for package options (HO)

(/home/colin/.miktex/texmfs/install/tex/generic/ltxcmds/ltxcmds.sty
Package: ltxcmds 2020-05-10 v1.25 LaTeX kernel commands for general use (HO)
)
(/home/colin/.miktex/texmfs/install/tex/generic/kvsetkeys/kvsetkeys.sty
Package: kvsetkeys 2019/12/15 v1.18 Key value parser (HO)
))
(/home/colin/.miktex/texmfs/install/tex/generic/pdftexcmds/pdftexcmds.sty
Package: pdftexcmds 2020-06-27 v0.33 Utility functions of pdfTeX for LuaTeX (HO
)
Package pdftexcmds Info: \pdf@primitive is available.
Package pdftexcmds Info: \pdf@ifprimitive is available.
Package pdftexcmds Info: \pdfdraftmode found.
)
Package epstopdf-base Info: Redefining graphics rule for `.eps' on input line 4
85.
Package grfext Info: Graphics extension search list:
(grfext)             [.pdf,.png,.jpg,.mps,.jpeg,.jbig2,.jb2,.PDF,.PNG,.JPG,.JPE
G,.JBIG2,.JB2,.eps]
(grfext)             \AppendGraphicsExtensions on input line 504.

(/home/colin/.miktex/texmfs/install/tex/latex/00miktex/epstopdf-sys.cfg
File: epstopdf-sys.cfg 2021/03/18 v2.0 Configuration of epstopdf for MiKTeX
))
Package caption Info: Begin \AtBeginDocument code.
Package caption Info: subfig package v1.3 is loaded.
Package caption Info: End \AtBeginDocument code.
LaTeX Font Info:    Trying to load font information for U+msa on input line 64.


(/home/colin/.miktex/texmfs/install/tex/latex/amsfonts/umsa.fd
File: umsa.fd 2013/01/14 v3.01 AMS symbols A
)
LaTeX Font Info:    Trying to load font information for U+msb on input line 64.


(/home/colin/.miktex/texmfs/install/tex/latex/amsfonts/umsb.fd
File: umsb.fd 2013/01/14 v3.01 AMS symbols B
) [1

{/home/colin/.miktex/texmfs/data/fonts/map/pdftex/pdftex.map}] [2] (2022-04-29-
riddler.aux) ) 
Here is how much of TeX's memory you used:
 5687 strings out of 480487
 98144 string characters out of 2893668
 394586 words of memory out of 3000000
 23583 multiletter control sequences out of 15000+600000
 477125 words of font info for 58 fonts, out of 8000000 for 9000
 0 hyphenation exceptions out of 8191
 69i,11n,79p,270b,288s stack positions out of 10000i,1000n,20000p,200000b,80000s
</home/colin/.miktex/texmfs/install/fonts/type1/public/amsfonts/c
m/cmex10.pfb></home/colin/.miktex/texmfs/install/fonts/type1/public/amsfonts/cm
/cmmi10.pfb></home/colin/.miktex/texmfs/install/fonts/type1/public/amsfonts/cm/
cmmi6.pfb></home/colin/.miktex/texmfs/install/fonts/type1/public/amsfonts/cm/cm
mi8.pfb></home/colin/.miktex/texmfs/install/fonts/type1/public/amsfonts/cm/cmr1
0.pfb></home/colin/.miktex/texmfs/install/fonts/type1/public/amsfonts/cm/cmr12.
pfb></home/colin/.miktex/texmfs/install/fonts/type1/public/amsfonts/cm/cmr17.pf
b></home/colin/.miktex/texmfs/install/fonts/type1/public/amsfonts/cm/cmr6.pfb><
/home/colin/.miktex/texmfs/install/fonts/type1/public/amsfonts/cm/cmr8.pfb></ho
me/colin/.miktex/texmfs/install/fonts/type1/public/amsfonts/cm/cmss12.pfb></hom
e/colin/.miktex/texmfs/install/fonts/type1/public/amsfonts/cm/cmsy10.pfb></home
/colin/.miktex/texmfs/install/fonts/type1/public/amsfonts/cm/cmsy8.pfb></home/c
olin/.miktex/texmfs/install/fonts/type1/public/amsfonts/cm/cmtt10.pfb></home/co
lin/.miktex/texmfs/install/fonts/type1/public/amsfonts/symbols/msbm10.pfb>
Output written on 2022-04-29-riddler.pdf (2 pages, 152450 bytes).
PDF statistics:
 79 PDF objects out of 1000 (max. 8388607)
 0 named destinations out of 1000 (max. 500000)
 1 words of extra memory for PDF output out of 10000 (max. 10000000)

